生成启动时间为 2015/12/14 17:56:46。
     1>项目“C:\Users\tanpan\Documents\Visual Studio 2012\Projects\EventDriver\EventDriver\EventDriver.vcxproj”在节点 2 上(Build 个目标)。
     1>ClCompile:
         C:\Program Files (x86)\Microsoft Visual Studio 11.0\VC\bin\CL.exe /c /ZI /nologo /W3 /WX- /Od /Oy- /D _MBCS /Gm /EHsc /RTC1 /MDd /GS /fp:precise /Zc:wchar_t /Zc:forScope /Fo"Debug\\" /Fd"Debug\vc110.pdb" /Gd /TP /analyze- /errorReport:prompt Event.cpp EventArgs.cpp EventSet.cpp FunctionSlot.cpp main.cpp
         main.cpp
         FunctionSlot.cpp
         EventSet.cpp
         EventArgs.cpp
         正在生成代码...
         正在编译...
         Event.cpp
         正在生成代码...
       Link:
         C:\Program Files (x86)\Microsoft Visual Studio 11.0\VC\bin\link.exe /ERRORREPORT:PROMPT /OUT:"C:\Users\tanpan\Documents\Visual Studio 2012\Projects\EventDriver\Debug\EventDriver.exe" /INCREMENTAL /NOLOGO kernel32.lib user32.lib gdi32.lib winspool.lib comdlg32.lib advapi32.lib shell32.lib ole32.lib oleaut32.lib uuid.lib odbc32.lib odbccp32.lib /MANIFEST /MANIFESTUAC:"level='asInvoker' uiAccess='false'" /manifest:embed /DEBUG /PDB:"C:\Users\tanpan\Documents\Visual Studio 2012\Projects\EventDriver\Debug\EventDriver.pdb" /TLBID:1 /DYNAMICBASE /NXCOMPAT /IMPLIB:"C:\Users\tanpan\Documents\Visual Studio 2012\Projects\EventDriver\Debug\EventDriver.lib" /MACHINE:X86 Debug\Event.obj
         Debug\EventArgs.obj
         Debug\EventSet.obj
         Debug\FunctionSlot.obj
         Debug\main.obj
         EventDriver.vcxproj -> C:\Users\tanpan\Documents\Visual Studio 2012\Projects\EventDriver\Debug\EventDriver.exe
     1>已完成生成项目“C:\Users\tanpan\Documents\Visual Studio 2012\Projects\EventDriver\EventDriver\EventDriver.vcxproj”(Build 个目标)的操作。

生成成功。

已用时间 00:00:01.97
